2019-04-01 10:31:58 Notice: Notice (8): Undefined variable: str1 in [/var/www/html/classbyte/src/Shell/TenantEditShell.php, line 47]
Trace:
Cake\Error\BaseErrorHandler::handleError() - CORE/src/Error/BaseErrorHandler.php, line 159
App\Shell\TenantEditShell::edit() - APP/Shell/TenantEditShell.php, line 47
Cake\Console\Shell::runCommand() - CORE/src/Console/Shell.php, line 512
Cake\Console\CommandRunner::runShell() - CORE/src/Console/CommandRunner.php, line 342
Cake\Console\CommandRunner::run() - CORE/src/Console/CommandRunner.php, line 164
[main] - ROOT/bin/cake.php, line 12



2019-04-01 10:31:58 Notice: Notice (8): Undefined variable: str1 in [/var/www/html/classbyte/src/Shell/TenantEditShell.php, line 47]
Trace:
Cake\Error\BaseErrorHandler::handleError() - CORE/src/Error/BaseErrorHandler.php, line 159
App\Shell\TenantEditShell::edit() - APP/Shell/TenantEditShell.php, line 47
Cake\Console\Shell::runCommand() - CORE/src/Console/Shell.php, line 512
Cake\Console\CommandRunner::runShell() - CORE/src/Console/CommandRunner.php, line 342
Cake\Console\CommandRunner::run() - CORE/src/Console/CommandRunner.php, line 164
[main] - ROOT/bin/cake.php, line 12



2019-04-01 10:31:58 Notice: Notice (8): Undefined variable: str1 in [/var/www/html/classbyte/src/Shell/TenantEditShell.php, line 47]
Trace:
Cake\Error\BaseErrorHandler::handleError() - CORE/src/Error/BaseErrorHandler.php, line 159
App\Shell\TenantEditShell::edit() - APP/Shell/TenantEditShell.php, line 47
Cake\Console\Shell::runCommand() - CORE/src/Console/Shell.php, line 512
Cake\Console\CommandRunner::runShell() - CORE/src/Console/CommandRunner.php, line 342
Cake\Console\CommandRunner::run() - CORE/src/Console/CommandRunner.php, line 164
[main] - ROOT/bin/cake.php, line 12



2019-04-01 10:31:58 Notice: Notice (8): Undefined variable: str1 in [/var/www/html/classbyte/src/Shell/TenantEditShell.php, line 47]
Trace:
Cake\Error\BaseErrorHandler::handleError() - CORE/src/Error/BaseErrorHandler.php, line 159
App\Shell\TenantEditShell::edit() - APP/Shell/TenantEditShell.php, line 47
Cake\Console\Shell::runCommand() - CORE/src/Console/Shell.php, line 512
Cake\Console\CommandRunner::runShell() - CORE/src/Console/CommandRunner.php, line 342
Cake\Console\CommandRunner::run() - CORE/src/Console/CommandRunner.php, line 164
[main] - ROOT/bin/cake.php, line 12



2019-04-01 10:31:58 Notice: Notice (8): Undefined variable: str1 in [/var/www/html/classbyte/src/Shell/TenantEditShell.php, line 47]
Trace:
Cake\Error\BaseErrorHandler::handleError() - CORE/src/Error/BaseErrorHandler.php, line 159
App\Shell\TenantEditShell::edit() - APP/Shell/TenantEditShell.php, line 47
Cake\Console\Shell::runCommand() - CORE/src/Console/Shell.php, line 512
Cake\Console\CommandRunner::runShell() - CORE/src/Console/CommandRunner.php, line 342
Cake\Console\CommandRunner::run() - CORE/src/Console/CommandRunner.php, line 164
[main] - ROOT/bin/cake.php, line 12



2019-04-01 10:31:59 Notice: Notice (8): Undefined variable: str1 in [/var/www/html/classbyte/src/Shell/TenantEditShell.php, line 47]
Trace:
Cake\Error\BaseErrorHandler::handleError() - CORE/src/Error/BaseErrorHandler.php, line 159
App\Shell\TenantEditShell::edit() - APP/Shell/TenantEditShell.php, line 47
Cake\Console\Shell::runCommand() - CORE/src/Console/Shell.php, line 512
Cake\Console\CommandRunner::runShell() - CORE/src/Console/CommandRunner.php, line 342
Cake\Console\CommandRunner::run() - CORE/src/Console/CommandRunner.php, line 164
[main] - ROOT/bin/cake.php, line 12



2019-04-01 10:31:59 Notice: Notice (8): Undefined variable: str1 in [/var/www/html/classbyte/src/Shell/TenantEditShell.php, line 47]
Trace:
Cake\Error\BaseErrorHandler::handleError() - CORE/src/Error/BaseErrorHandler.php, line 159
App\Shell\TenantEditShell::edit() - APP/Shell/TenantEditShell.php, line 47
Cake\Console\Shell::runCommand() - CORE/src/Console/Shell.php, line 512
Cake\Console\CommandRunner::runShell() - CORE/src/Console/CommandRunner.php, line 342
Cake\Console\CommandRunner::run() - CORE/src/Console/CommandRunner.php, line 164
[main] - ROOT/bin/cake.php, line 12



2019-04-01 10:31:59 Notice: Notice (8): Undefined variable: str1 in [/var/www/html/classbyte/src/Shell/TenantEditShell.php, line 47]
Trace:
Cake\Error\BaseErrorHandler::handleError() - CORE/src/Error/BaseErrorHandler.php, line 159
App\Shell\TenantEditShell::edit() - APP/Shell/TenantEditShell.php, line 47
Cake\Console\Shell::runCommand() - CORE/src/Console/Shell.php, line 512
Cake\Console\CommandRunner::runShell() - CORE/src/Console/CommandRunner.php, line 342
Cake\Console\CommandRunner::run() - CORE/src/Console/CommandRunner.php, line 164
[main] - ROOT/bin/cake.php, line 12



2019-04-01 10:31:59 Notice: Notice (8): Undefined variable: str1 in [/var/www/html/classbyte/src/Shell/TenantEditShell.php, line 47]
Trace:
Cake\Error\BaseErrorHandler::handleError() - CORE/src/Error/BaseErrorHandler.php, line 159
App\Shell\TenantEditShell::edit() - APP/Shell/TenantEditShell.php, line 47
Cake\Console\Shell::runCommand() - CORE/src/Console/Shell.php, line 512
Cake\Console\CommandRunner::runShell() - CORE/src/Console/CommandRunner.php, line 342
Cake\Console\CommandRunner::run() - CORE/src/Console/CommandRunner.php, line 164
[main] - ROOT/bin/cake.php, line 12



2019-04-01 10:31:59 Notice: Notice (8): Undefined variable: str1 in [/var/www/html/classbyte/src/Shell/TenantEditShell.php, line 47]
Trace:
Cake\Error\BaseErrorHandler::handleError() - CORE/src/Error/BaseErrorHandler.php, line 159
App\Shell\TenantEditShell::edit() - APP/Shell/TenantEditShell.php, line 47
Cake\Console\Shell::runCommand() - CORE/src/Console/Shell.php, line 512
Cake\Console\CommandRunner::runShell() - CORE/src/Console/CommandRunner.php, line 342
Cake\Console\CommandRunner::run() - CORE/src/Console/CommandRunner.php, line 164
[main] - ROOT/bin/cake.php, line 12



2019-04-01 10:31:59 Notice: Notice (8): Undefined variable: str1 in [/var/www/html/classbyte/src/Shell/TenantEditShell.php, line 47]
Trace:
Cake\Error\BaseErrorHandler::handleError() - CORE/src/Error/BaseErrorHandler.php, line 159
App\Shell\TenantEditShell::edit() - APP/Shell/TenantEditShell.php, line 47
Cake\Console\Shell::runCommand() - CORE/src/Console/Shell.php, line 512
Cake\Console\CommandRunner::runShell() - CORE/src/Console/CommandRunner.php, line 342
Cake\Console\CommandRunner::run() - CORE/src/Console/CommandRunner.php, line 164
[main] - ROOT/bin/cake.php, line 12



2019-04-01 10:31:59 Notice: Notice (8): Undefined variable: str1 in [/var/www/html/classbyte/src/Shell/TenantEditShell.php, line 47]
Trace:
Cake\Error\BaseErrorHandler::handleError() - CORE/src/Error/BaseErrorHandler.php, line 159
App\Shell\TenantEditShell::edit() - APP/Shell/TenantEditShell.php, line 47
Cake\Console\Shell::runCommand() - CORE/src/Console/Shell.php, line 512
Cake\Console\CommandRunner::runShell() - CORE/src/Console/CommandRunner.php, line 342
Cake\Console\CommandRunner::run() - CORE/src/Console/CommandRunner.php, line 164
[main] - ROOT/bin/cake.php, line 12



2019-04-01 10:31:59 Notice: Notice (8): Undefined variable: str1 in [/var/www/html/classbyte/src/Shell/TenantEditShell.php, line 47]
Trace:
Cake\Error\BaseErrorHandler::handleError() - CORE/src/Error/BaseErrorHandler.php, line 159
App\Shell\TenantEditShell::edit() - APP/Shell/TenantEditShell.php, line 47
Cake\Console\Shell::runCommand() - CORE/src/Console/Shell.php, line 512
Cake\Console\CommandRunner::runShell() - CORE/src/Console/CommandRunner.php, line 342
Cake\Console\CommandRunner::run() - CORE/src/Console/CommandRunner.php, line 164
[main] - ROOT/bin/cake.php, line 12



2019-04-01 10:31:59 Notice: Notice (8): Undefined variable: str1 in [/var/www/html/classbyte/src/Shell/TenantEditShell.php, line 47]
Trace:
Cake\Error\BaseErrorHandler::handleError() - CORE/src/Error/BaseErrorHandler.php, line 159
App\Shell\TenantEditShell::edit() - APP/Shell/TenantEditShell.php, line 47
Cake\Console\Shell::runCommand() - CORE/src/Console/Shell.php, line 512
Cake\Console\CommandRunner::runShell() - CORE/src/Console/CommandRunner.php, line 342
Cake\Console\CommandRunner::run() - CORE/src/Console/CommandRunner.php, line 164
[main] - ROOT/bin/cake.php, line 12



2019-04-01 10:31:59 Notice: Notice (8): Undefined variable: str1 in [/var/www/html/classbyte/src/Shell/TenantEditShell.php, line 47]
Trace:
Cake\Error\BaseErrorHandler::handleError() - CORE/src/Error/BaseErrorHandler.php, line 159
App\Shell\TenantEditShell::edit() - APP/Shell/TenantEditShell.php, line 47
Cake\Console\Shell::runCommand() - CORE/src/Console/Shell.php, line 512
Cake\Console\CommandRunner::runShell() - CORE/src/Console/CommandRunner.php, line 342
Cake\Console\CommandRunner::run() - CORE/src/Console/CommandRunner.php, line 164
[main] - ROOT/bin/cake.php, line 12



2019-04-01 10:31:59 Notice: Notice (8): Undefined variable: str1 in [/var/www/html/classbyte/src/Shell/TenantEditShell.php, line 47]
Trace:
Cake\Error\BaseErrorHandler::handleError() - CORE/src/Error/BaseErrorHandler.php, line 159
App\Shell\TenantEditShell::edit() - APP/Shell/TenantEditShell.php, line 47
Cake\Console\Shell::runCommand() - CORE/src/Console/Shell.php, line 512
Cake\Console\CommandRunner::runShell() - CORE/src/Console/CommandRunner.php, line 342
Cake\Console\CommandRunner::run() - CORE/src/Console/CommandRunner.php, line 164
[main] - ROOT/bin/cake.php, line 12



2019-04-01 10:31:59 Notice: Notice (8): Undefined variable: str1 in [/var/www/html/classbyte/src/Shell/TenantEditShell.php, line 47]
Trace:
Cake\Error\BaseErrorHandler::handleError() - CORE/src/Error/BaseErrorHandler.php, line 159
App\Shell\TenantEditShell::edit() - APP/Shell/TenantEditShell.php, line 47
Cake\Console\Shell::runCommand() - CORE/src/Console/Shell.php, line 512
Cake\Console\CommandRunner::runShell() - CORE/src/Console/CommandRunner.php, line 342
Cake\Console\CommandRunner::run() - CORE/src/Console/CommandRunner.php, line 164
[main] - ROOT/bin/cake.php, line 12



2019-04-01 10:31:59 Notice: Notice (8): Undefined variable: str1 in [/var/www/html/classbyte/src/Shell/TenantEditShell.php, line 47]
Trace:
Cake\Error\BaseErrorHandler::handleError() - CORE/src/Error/BaseErrorHandler.php, line 159
App\Shell\TenantEditShell::edit() - APP/Shell/TenantEditShell.php, line 47
Cake\Console\Shell::runCommand() - CORE/src/Console/Shell.php, line 512
Cake\Console\CommandRunner::runShell() - CORE/src/Console/CommandRunner.php, line 342
Cake\Console\CommandRunner::run() - CORE/src/Console/CommandRunner.php, line 164
[main] - ROOT/bin/cake.php, line 12



2019-04-01 10:31:59 Notice: Notice (8): Undefined variable: str1 in [/var/www/html/classbyte/src/Shell/TenantEditShell.php, line 47]
Trace:
Cake\Error\BaseErrorHandler::handleError() - CORE/src/Error/BaseErrorHandler.php, line 159
App\Shell\TenantEditShell::edit() - APP/Shell/TenantEditShell.php, line 47
Cake\Console\Shell::runCommand() - CORE/src/Console/Shell.php, line 512
Cake\Console\CommandRunner::runShell() - CORE/src/Console/CommandRunner.php, line 342
Cake\Console\CommandRunner::run() - CORE/src/Console/CommandRunner.php, line 164
[main] - ROOT/bin/cake.php, line 12



